{"E:\\web\\web\\vue\\test\\testing\\istanbul.js":{"path":"E:\\web\\web\\vue\\test\\testing\\istanbul.js","s":{"1":1,"2":1,"3":1,"4":1,"5":1,"6":1,"7":1,"8":1,"9":1,"10":1,"11":1,"12":1,"13":1,"14":1,"15":1,"16":1},"b":{},"f":{"1":1,"2":1,"3":1,"4":1,"5":1,"6":1,"7":1,"8":1},"fnMap":{"1":{"name":"(anonymous_1)","line":6,"loc":{"start":{"line":6,"column":21},"end":{"line":6,"column":32}}},"2":{"name":"(anonymous_2)","line":7,"loc":{"start":{"line":7,"column":27},"end":{"line":7,"column":38}}},"3":{"name":"(anonymous_3)","line":25,"loc":{"start":{"line":25,"column":21},"end":{"line":25,"column":32}}},"4":{"name":"(anonymous_4)","line":26,"loc":{"start":{"line":26,"column":28},"end":{"line":26,"column":39}}},"5":{"name":"(anonymous_5)","line":31,"loc":{"start":{"line":31,"column":21},"end":{"line":31,"column":32}}},"6":{"name":"(anonymous_6)","line":32,"loc":{"start":{"line":32,"column":29},"end":{"line":32,"column":40}}},"7":{"name":"(anonymous_7)","line":36,"loc":{"start":{"line":36,"column":29},"end":{"line":36,"column":40}}},"8":{"name":"(anonymous_8)","line":40,"loc":{"start":{"line":40,"column":29},"end":{"line":40,"column":40}}}},"statementMap":{"1":{"start":{"line":1,"column":0},"end":{"line":1,"column":54}},"2":{"start":{"line":3,"column":0},"end":{"line":3,"column":33}},"3":{"start":{"line":5,"column":0},"end":{"line":44,"column":2}},"4":{"start":{"line":6,"column":2},"end":{"line":23,"column":4}},"5":{"start":{"line":7,"column":4},"end":{"line":9,"column":7}},"6":{"start":{"line":8,"column":6},"end":{"line":8,"column":32}},"7":{"start":{"line":25,"column":2},"end":{"line":29,"column":4}},"8":{"start":{"line":26,"column":4},"end":{"line":28,"column":6}},"9":{"start":{"line":27,"column":6},"end":{"line":27,"column":32}},"10":{"start":{"line":31,"column":2},"end":{"line":43,"column":4}},"11":{"start":{"line":32,"column":4},"end":{"line":34,"column":7}},"12":{"start":{"line":33,"column":6},"end":{"line":33,"column":34}},"13":{"start":{"line":36,"column":4},"end":{"line":38,"column":7}},"14":{"start":{"line":37,"column":6},"end":{"line":37,"column":34}},"15":{"start":{"line":40,"column":4},"end":{"line":42,"column":7}},"16":{"start":{"line":41,"column":6},"end":{"line":41,"column":34}}},"branchMap":{}},"E:\\web\\web\\vue\\test\\src\\main.js":{"path":"E:\\web\\web\\vue\\test\\src\\main.js","s":{"1":1,"2":1,"3":1,"4":1,"5":1,"6":1,"7":1,"8":1,"9":3,"10":1,"11":2,"12":1,"13":1},"b":{"1":[1,2],"2":[1,1]},"f":{"1":1,"2":1,"3":3},"fnMap":{"1":{"name":"(anonymous_1)","line":7,"loc":{"start":{"line":7,"column":5},"end":{"line":7,"column":14}}},"2":{"name":"(anonymous_2)","line":12,"loc":{"start":{"line":12,"column":5},"end":{"line":12,"column":14}}},"3":{"name":"(anonymous_3)","line":17,"loc":{"start":{"line":17,"column":7},"end":{"line":17,"column":13}}}},"statementMap":{"1":{"start":{"line":1,"column":0},"end":{"line":4,"column":1}},"2":{"start":{"line":2,"column":2},"end":{"line":2,"column":14}},"3":{"start":{"line":3,"column":2},"end":{"line":3,"column":21}},"4":{"start":{"line":6,"column":0},"end":{"line":26,"column":1}},"5":{"start":{"line":8,"column":4},"end":{"line":10,"column":7}},"6":{"start":{"line":9,"column":6},"end":{"line":9,"column":23}},"7":{"start":{"line":13,"column":4},"end":{"line":15,"column":6}},"8":{"start":{"line":14,"column":6},"end":{"line":14,"column":23}},"9":{"start":{"line":18,"column":4},"end":{"line":24,"column":5}},"10":{"start":{"line":19,"column":6},"end":{"line":19,"column":19}},"11":{"start":{"line":20,"column":11},"end":{"line":24,"column":5}},"12":{"start":{"line":21,"column":6},"end":{"line":21,"column":15}},"13":{"start":{"line":23,"column":6},"end":{"line":23,"column":22}}},"branchMap":{"1":{"line":18,"type":"if","locations":[{"start":{"line":18,"column":4},"end":{"line":18,"column":4}},{"start":{"line":18,"column":4},"end":{"line":18,"column":4}}]},"2":{"line":20,"type":"if","locations":[{"start":{"line":20,"column":11},"end":{"line":20,"column":11}},{"start":{"line":20,"column":11},"end":{"line":20,"column":11}}]}}}}